<?xml version="1.0" encoding="UTF-8"?>
<testng-results skipped="0" failed="0" ignored="1" total="2" passed="1">
  <reporter-output>
  </reporter-output>
  <suite name="Default Suite" duration-ms="4423" started-at="2023-05-24T21:17:15 CDT" finished-at="2023-05-24T21:17:20 CDT">
    <groups>
    </groups>
    <test name="QAML-Selenium-Feb2023" duration-ms="4423" started-at="2023-05-24T21:17:15 CDT" finished-at="2023-05-24T21:17:20 CDT">
      <class name="WaitsTests">
        <test-method status="PASS" signature="calendarioExplicitWaitTest()[pri:0, instance:WaitsTests@53dacd14]" name="calendarioExplicitWaitTest" duration-ms="4372" started-at="2023-05-24T21:17:15 CDT" description="Prueba de Explicit Wait en Calendario para la fecha de hoy Mayo 22" finished-at="2023-05-24T21:17:20 CDT">
          <reporter-output>
          </reporter-output>
        </test-method> <!-- calendarioExplicitWaitTest -->
      </class> <!-- WaitsTests -->
    </test> <!-- QAML-Selenium-Feb2023 -->
  </suite> <!-- Default Suite -->
</testng-results>
