<?xml version="1.0" encoding="UTF-8"?>
<testng-results skipped="0" failed="0" ignored="0" total="3" passed="3">
  <reporter-output>
  </reporter-output>
  <suite name="Elements Tests" duration-ms="4111" started-at="2023-05-31T18:50:34 CST" finished-at="2023-05-31T18:50:38 CST">
    <groups>
      <group name="Proyecto Final">
        <method signature="DemoBlazeTest.seleccionarProducto()[pri:1, instance:DemoBlazeTest@53de625d]" name="seleccionarProducto" class="DemoBlazeTest"/>
        <method signature="DemoBlazeTest.seleccionarAddToCart()[pri:2, instance:DemoBlazeTest@53de625d]" name="seleccionarAddToCart" class="DemoBlazeTest"/>
        <method signature="DemoBlazeTest.seleccionarCartLink()[pri:3, instance:DemoBlazeTest@53de625d]" name="seleccionarCartLink" class="DemoBlazeTest"/>
      </group> <!-- Proyecto Final -->
    </groups>
    <test name="/Users/mlopez/Documents/GitHub/QAML-Selenium-Feb2023" duration-ms="4111" started-at="2023-05-31T18:50:34 CST" finished-at="2023-05-31T18:50:38 CST">
      <class name="DemoBlazeTest">
        <test-method status="PASS" signature="beforeDemoBlazeTest()[pri:0, instance:DemoBlazeTest@53de625d]" name="beforeDemoBlazeTest" is-config="true" duration-ms="2099" started-at="2023-05-31T18:50:34 CST" description="Precondiciones para comenzar mi prueba" finished-at="2023-05-31T18:50:36 CST">
          <reporter-output>
          </reporter-output>
        </test-method> <!-- beforeDemoBlazeTest -->
        <test-method status="PASS" signature="seleccionarProducto()[pri:1, instance:DemoBlazeTest@53de625d]" name="seleccionarProducto" duration-ms="49" started-at="2023-05-31T18:50:36 CST" description="SR=12120" finished-at="2023-05-31T18:50:36 CST">
          <reporter-output>
          </reporter-output>
        </test-method> <!-- seleccionarProducto -->
        <test-method status="PASS" signature="seleccionarAddToCart()[pri:2, instance:DemoBlazeTest@53de625d]" name="seleccionarAddToCart" duration-ms="552" started-at="2023-05-31T18:50:36 CST" description="SR=12121" finished-at="2023-05-31T18:50:36 CST">
          <reporter-output>
          </reporter-output>
        </test-method> <!-- seleccionarAddToCart -->
        <test-method status="PASS" signature="seleccionarCartLink()[pri:3, instance:DemoBlazeTest@53de625d]" name="seleccionarCartLink" duration-ms="895" started-at="2023-05-31T18:50:36 CST" description="SR=12130" finished-at="2023-05-31T18:50:37 CST">
          <reporter-output>
          </reporter-output>
        </test-method> <!-- seleccionarCartLink -->
        <test-method status="PASS" signature="afterDemoBlazeTest()[pri:0, instance:DemoBlazeTest@53de625d]" name="afterDemoBlazeTest" is-config="true" duration-ms="498" started-at="2023-05-31T18:50:37 CST" description="Metodo para finalizar un test" finished-at="2023-05-31T18:50:38 CST">
          <reporter-output>
          </reporter-output>
        </test-method> <!-- afterDemoBlazeTest -->
      </class> <!-- DemoBlazeTest -->
    </test> <!-- /Users/mlopez/Documents/GitHub/QAML-Selenium-Feb2023 -->
  </suite> <!-- Elements Tests -->
</testng-results>
