<?xml version="1.0" encoding="UTF-8"?>
<testng-results skipped="0" failed="0" ignored="0" total="1" passed="1">
  <reporter-output>
  </reporter-output>
  <suite name="Proyecto Final Test" duration-ms="7497" started-at="2023-05-28T19:31:41 CST" finished-at="2023-05-28T19:31:49 CST">
    <groups>
    </groups>
    <test name="C:\Users\memo_\OneDrive\Documentos\QAML-Selenium-Feb2023\ProyectoFinal.xml" duration-ms="7497" started-at="2023-05-28T19:31:41 CST" finished-at="2023-05-28T19:31:49 CST">
      <class name="ProyectoFinalTest">
        <test-method status="PASS" signature="cartFlowTest()[pri:0, instance:ProyectoFinalTest@48e92c5c]" name="cartFlowTest" duration-ms="7471" started-at="2023-05-28T19:31:41 CST" description="Flow completo para añadir un elemento al carrito" finished-at="2023-05-28T19:31:49 CST">
          <reporter-output>
          </reporter-output>
        </test-method> <!-- cartFlowTest -->
      </class> <!-- ProyectoFinalTest -->
    </test> <!-- C:\Users\memo_\OneDrive\Documentos\QAML-Selenium-Feb2023\ProyectoFinal.xml -->
  </suite> <!-- Proyecto Final Test -->
</testng-results>
